# JRE version: OpenJDK Runtime Environment Temurin-17.0.3+7 (17.0.3+7) (build 17.0.3+7)
# Java VM: OpenJDK 64-Bit Server VM Temurin-17.0.3+7 (17.0.3+7, mixed mode, sharing, tiered, compressed oops, compressed class ptrs, g1 gc, windows-amd64)
GC Precious Log:
 CPUs: 8 total, 8 available
 Memory: 8077M
 Large Page Support: Disabled
 NUMA Support: Disabled
 Compressed Oops: Enabled (Zero based)
 Heap Region Size: 2M
 Heap Min Capacity: 512M
 Heap Initial Capacity: 512M
 Heap Max Capacity: 4072M
 Pre-touch: Disabled
 Parallel Workers: 8
 Concurrent Workers: 2
 Concurrent Refinement Workers: 8
 Periodic GC: Disabled
 String Deduplication is enabled
Heap:
 garbage-first heap   total 792576K, used 280683K [0x0000000701800000, 0x0000000800000000)
  region size 2048K, 4 young (8192K), 0 survivors (0K)
 Metaspace       used 105160K, committed 105664K, reserved 1146880K
  class space    used 14592K, committed 14848K, reserved 1048576K
GC Heap History (20 events):
Event: 35861.649 GC heap before
{Heap before GC invocations=1982 (full 925):
 garbage-first heap   total 792576K, used 292958K [0x0000000701800000, 0x0000000800000000)
  region size 2048K, 10 young (20480K), 0 survivors (0K)
 Metaspace       used 105155K, committed 105664K, reserved 1146880K
  class space    used 14592K, committed 14848K, reserved 1048576K
}
Event: 35861.707 GC heap after
{Heap after GC invocations=1983 (full 925):
 garbage-first heap   total 792576K, used 274801K [0x0000000701800000, 0x0000000800000000)
  region size 2048K, 1 young (2048K), 1 survivors (2048K)
 Metaspace       used 105155K, committed 105664K, reserved 1146880K
  class space    used 14592K, committed 14848K, reserved 1048576K
}
Event: 35891.882 GC heap before
{Heap before GC invocations=1983 (full 925):
 garbage-first heap   total 792576K, used 344433K [0x0000000701800000, 0x0000000800000000)
  region size 2048K, 36 young (73728K), 1 survivors (2048K)
 Metaspace       used 105155K, committed 105664K, reserved 1146880K
  class space    used 14592K, committed 14848K, reserved 1048576K
}
Event: 35892.908 GC heap after
{Heap after GC invocations=1984 (full 926):
 garbage-first heap   total 792576K, used 274545K [0x0000000701800000, 0x0000000800000000)
  region size 2048K, 0 young (0K), 0 survivors (0K)
 Metaspace       used 105155K, committed 105664K, reserved 1146880K
  class space    used 14592K, committed 14848K, reserved 1048576K
}
Event: 35917.091 GC heap before
{Heap before GC invocations=1984 (full 926):
 garbage-first heap   total 792576K, used 329841K [0x0000000701800000, 0x0000000800000000)
  region size 2048K, 28 young (57344K), 0 survivors (0K)
 Metaspace       used 105155K, committed 105664K, reserved 1146880K
  class space    used 14592K, committed 14848K, reserved 1048576K
}
Event: 35918.775 GC heap after
{Heap after GC invocations=1985 (full 927):
 garbage-first heap   total 792576K, used 274532K [0x0000000701800000, 0x0000000800000000)
  region size 2048K, 0 young (0K), 0 survivors (0K)
 Metaspace       used 105155K, committed 105664K, reserved 1146880K
  class space    used 14592K, committed 14848K, reserved 1048576K
}
Event: 35931.815 GC heap before
{Heap before GC invocations=1985 (full 927):
 garbage-first heap   total 792576K, used 303204K [0x0000000701800000, 0x0000000800000000)
  region size 2048K, 15 young (30720K), 0 survivors (0K)
 Metaspace       used 105155K, committed 105664K, reserved 1146880K
  class space    used 14592K, committed 14848K, reserved 1048576K
}
Event: 35933.189 GC heap after
{Heap after GC invocations=1986 (full 928):
 garbage-first heap   total 792576K, used 274508K [0x0000000701800000, 0x0000000800000000)
  region size 2048K, 0 young (0K), 0 survivors (0K)
 Metaspace       used 105155K, committed 105664K, reserved 1146880K
  class space    used 14592K, committed 14848K, reserved 1048576K
}
Event: 35951.702 GC heap before
{Heap before GC invocations=1986 (full 928):
 garbage-first heap   total 792576K, used 317516K [0x0000000701800000, 0x0000000800000000)
  region size 2048K, 22 young (45056K), 0 survivors (0K)
 Metaspace       used 105155K, committed 105664K, reserved 1146880K
  class space    used 14592K, committed 14848K, reserved 1048576K
}
Event: 35952.607 GC heap after
{Heap after GC invocations=1987 (full 929):
 garbage-first heap   total 792576K, used 274521K [0x0000000701800000, 0x0000000800000000)
  region size 2048K, 0 young (0K), 0 survivors (0K)
 Metaspace       used 105155K, committed 105664K, reserved 1146880K
  class space    used 14592K, committed 14848K, reserved 1048576K
}
Event: 35981.913 GC heap before
{Heap before GC invocations=1987 (full 929):
 garbage-first heap   total 792576K, used 342105K [0x0000000701800000, 0x0000000800000000)
  region size 2048K, 34 young (69632K), 0 survivors (0K)
 Metaspace       used 105155K, committed 105664K, reserved 1146880K
  class space    used 14592K, committed 14848K, reserved 1048576K
}
Event: 35982.168 GC heap after
{Heap after GC invocations=1988 (full 930):
 garbage-first heap   total 792576K, used 274543K [0x0000000701800000, 0x0000000800000000)
  region size 2048K, 0 young (0K), 0 survivors (0K)
 Metaspace       used 105155K, committed 105664K, reserved 1146880K
  class space    used 14592K, committed 14848K, reserved 1048576K
}
Event: 36017.566 GC heap before
{Heap before GC invocations=1988 (full 930):
 garbage-first heap   total 792576K, used 356463K [0x0000000701800000, 0x0000000800000000)
  region size 2048K, 40 young (81920K), 0 survivors (0K)
 Metaspace       used 105155K, committed 105664K, reserved 1146880K
  class space    used 14592K, committed 14848K, reserved 1048576K
}
Event: 36017.866 GC heap after
{Heap after GC invocations=1989 (full 930):
 garbage-first heap   total 792576K, used 274688K [0x0000000701800000, 0x0000000800000000)
  region size 2048K, 1 young (2048K), 1 survivors (2048K)
 Metaspace       used 105155K, committed 105664K, reserved 1146880K
  class space    used 14592K, committed 14848K, reserved 1048576K
}
Event: 36052.462 GC heap before
{Heap before GC invocations=1989 (full 930):
 garbage-first heap   total 792576K, used 354560K [0x0000000701800000, 0x0000000800000000)
  region size 2048K, 40 young (81920K), 1 survivors (2048K)
 Metaspace       used 105155K, committed 105664K, reserved 1146880K
  class space    used 14592K, committed 14848K, reserved 1048576K
}
Event: 36052.506 GC heap after
{Heap after GC invocations=1990 (full 930):
 garbage-first heap   total 792576K, used 274698K [0x0000000701800000, 0x0000000800000000)
  region size 2048K, 1 young (2048K), 1 survivors (2048K)
 Metaspace       used 105155K, committed 105664K, reserved 1146880K
  class space    used 14592K, committed 14848K, reserved 1048576K
}
Event: 36072.052 GC heap before
{Heap before GC invocations=1990 (full 930):
 garbage-first heap   total 792576K, used 319754K [0x0000000701800000, 0x0000000800000000)
  region size 2048K, 24 young (49152K), 1 survivors (2048K)
 Metaspace       used 105155K, committed 105664K, reserved 1146880K
  class space    used 14592K, committed 14848K, reserved 1048576K
}
Event: 36073.941 GC heap after
{Heap after GC invocations=1991 (full 931):
 garbage-first heap   total 792576K, used 274524K [0x0000000701800000, 0x0000000800000000)
  region size 2048K, 0 young (0K), 0 survivors (0K)
 Metaspace       used 105155K, committed 105664K, reserved 1146880K
  class space    used 14592K, committed 14848K, reserved 1048576K
}
Event: 36101.792 GC heap before
{Heap before GC invocations=1991 (full 931):
 garbage-first heap   total 792576K, used 338012K [0x0000000701800000, 0x0000000800000000)
  region size 2048K, 32 young (65536K), 0 survivors (0K)
 Metaspace       used 105155K, committed 105664K, reserved 1146880K
  class space    used 14592K, committed 14848K, reserved 1048576K
}
Event: 36103.039 GC heap after
{Heap after GC invocations=1992 (full 932):
 garbage-first heap   total 792576K, used 274539K [0x0000000701800000, 0x0000000800000000)
  region size 2048K, 0 young (0K), 0 survivors (0K)
 Metaspace       used 105155K, committed 105664K, reserved 1146880K
  class space    used 14592K, committed 14848K, reserved 1048576K
}

